<?xml version="1.0" encoding="UTF-8"?>
<testsuite xmlns:xsi="http://www.w3.org/2001/XMLSchema-instance" xsi:noNamespaceSchemaLocation="https://maven.apache.org/surefire/maven-surefire-plugin/xsd/surefire-test-report.xsd" name="com.gmail.merikbest2015.ecommerce.controller.AuthenticationControllerTest" time="6.545" tests="8" errors="0" skipped="0" failures="0">
  <properties>
[...]
</properties>
  <testcase name="getResetPassword" classname="com.gmail.merikbest2015.ecommerce.controller.AuthenticationControllerTest" time="0.525"/>
  <testcase name="forgotPassword_EmailNotFound" classname="com.gmail.merikbest2015.ecommerce.controller.AuthenticationControllerTest" time="0.082"/>
  <testcase name="resetPassword" classname="com.gmail.merikbest2015.ecommerce.controller.AuthenticationControllerTest" time="0.172"/>
  <testcase name="forgotPassword" classname="com.gmail.merikbest2015.ecommerce.controller.AuthenticationControllerTest" time="0.037"/>
  <testcase name="getForgotPasswordPage" classname="com.gmail.merikbest2015.ecommerce.controller.AuthenticationControllerTest" time="0.029"/>
  <testcase name="resetPassword_ReturnInputErrors" classname="com.gmail.merikbest2015.ecommerce.controller.AuthenticationControllerTest" time="0.036"/>
  <testcase name="resetPassword_ReturnPasswordNotMatchError" classname="com.gmail.merikbest2015.ecommerce.controller.AuthenticationControllerTest" time="0.019"/>
  <testcase name="getResetPassword_NotFound" classname="com.gmail.merikbest2015.ecommerce.controller.AuthenticationControllerTest" time="0.041"/>
</testsuite>